# JRE version: Java(TM) SE Runtime Environment (24.0.2+12) (build 24.0.2+12-54)
# Java VM: Java HotSpot(TM) 64-Bit Server VM (24.0.2+12-54, mixed mode, emulated-client, sharing, tiered, compressed oops, compressed class ptrs, g1 gc, windows-amd64)
GC Precious Log:
 CardTable entry size: 512
 Card Set container configuration: InlinePtr #cards 5 size 8 Array Of Cards #cards 10 size 36 Howl #buckets 4 coarsen threshold 1843 Howl Bitmap #cards 512 size 80 coarsen threshold 460 Card regions per heap region 1 cards per card region 2048
 CPUs: 4 total, 4 available
 Memory: 8111M
 Large Page Support: Disabled
 NUMA Support: Disabled
 Compressed Oops: Enabled (32-bit)
 Heap Region Size: 1M
 Heap Min Capacity: 8M
 Heap Initial Capacity: 128M
 Heap Max Capacity: 2028M
 Pre-touch: Disabled
 Parallel Workers: 4
 Concurrent Workers: 1
 Concurrent Refinement Workers: 4
 Periodic GC: Disabled
Heap:
 garbage-first heap   total reserved 2076672K, committed 176128K, used 137728K [0x0000000081400000, 0x0000000100000000)
  region size 1024K, 4 young (4096K), 4 survivors (4096K)
 Metaspace       used 71466K, committed 72000K, reserved 1114112K
  class space    used 8605K, committed 8832K, reserved 1048576K
GC Heap History (20 events):
Event: 21.849 GC heap after
{Heap after GC invocations=27 (full 0):
 garbage-first heap   total reserved 2076672K, committed 120832K, used 53691K [0x0000000081400000, 0x0000000100000000)
  region size 1024K, 3 young (3072K), 3 survivors (3072K)
 Metaspace       used 69971K, committed 70528K, reserved 1114112K
  class space    used 8359K, committed 8576K, reserved 1048576K
}
Event: 22.329 GC heap before
{Heap before GC invocations=27 (full 0):
 garbage-first heap   total reserved 2076672K, committed 120832K, used 106939K [0x0000000081400000, 0x0000000100000000)
  region size 1024K, 55 young (56320K), 3 survivors (3072K)
 Metaspace       used 70719K, committed 71232K, reserved 1114112K
  class space    used 8439K, committed 8640K, reserved 1048576K
}
Event: 22.339 GC heap after
{Heap after GC invocations=28 (full 0):
 garbage-first heap   total reserved 2076672K, committed 120832K, used 54483K [0x0000000081400000, 0x0000000100000000)
  region size 1024K, 5 young (5120K), 5 survivors (5120K)
 Metaspace       used 70719K, committed 71232K, reserved 1114112K
  class space    used 8439K, committed 8640K, reserved 1048576K
}
Event: 22.716 GC heap before
{Heap before GC invocations=28 (full 0):
 garbage-first heap   total reserved 2076672K, committed 120832K, used 107731K [0x0000000081400000, 0x0000000100000000)
  region size 1024K, 57 young (58368K), 5 survivors (5120K)
 Metaspace       used 70922K, committed 71488K, reserved 1114112K
  class space    used 8456K, committed 8704K, reserved 1048576K
}
Event: 22.726 GC heap after
{Heap after GC invocations=29 (full 0):
 garbage-first heap   total reserved 2076672K, committed 120832K, used 56950K [0x0000000081400000, 0x0000000100000000)
  region size 1024K, 6 young (6144K), 6 survivors (6144K)
 Metaspace       used 70922K, committed 71488K, reserved 1114112K
  class space    used 8456K, committed 8704K, reserved 1048576K
}
Event: 23.081 GC heap before
{Heap before GC invocations=30 (full 0):
 garbage-first heap   total reserved 2076672K, committed 120832K, used 106102K [0x0000000081400000, 0x0000000100000000)
  region size 1024K, 54 young (55296K), 6 survivors (6144K)
 Metaspace       used 71264K, committed 71872K, reserved 1114112K
  class space    used 8573K, committed 8832K, reserved 1048576K
}
Event: 23.090 GC heap after
{Heap after GC invocations=31 (full 0):
 garbage-first heap   total reserved 2076672K, committed 120832K, used 57550K [0x0000000081400000, 0x0000000100000000)
  region size 1024K, 3 young (3072K), 3 survivors (3072K)
 Metaspace       used 71264K, committed 71872K, reserved 1114112K
  class space    used 8573K, committed 8832K, reserved 1048576K
}
Event: 23.397 GC heap before
{Heap before GC invocations=31 (full 0):
 garbage-first heap   total reserved 2076672K, committed 120832K, used 109774K [0x0000000081400000, 0x0000000100000000)
  region size 1024K, 54 young (55296K), 3 survivors (3072K)
 Metaspace       used 71463K, committed 72000K, reserved 1114112K
  class space    used 8605K, committed 8832K, reserved 1048576K
}
Event: 23.420 GC heap after
{Heap after GC invocations=32 (full 0):
 garbage-first heap   total reserved 2076672K, committed 124928K, used 67559K [0x0000000081400000, 0x0000000100000000)
  region size 1024K, 7 young (7168K), 7 survivors (7168K)
 Metaspace       used 71463K, committed 72000K, reserved 1114112K
  class space    used 8605K, committed 8832K, reserved 1048576K
}
Event: 23.482 GC heap before
{Heap before GC invocations=32 (full 0):
 garbage-first heap   total reserved 2076672K, committed 124928K, used 92135K [0x0000000081400000, 0x0000000100000000)
  region size 1024K, 32 young (32768K), 7 survivors (7168K)
 Metaspace       used 71463K, committed 72000K, reserved 1114112K
  class space    used 8605K, committed 8832K, reserved 1048576K
}
Event: 23.505 GC heap after
{Heap after GC invocations=33 (full 0):
 garbage-first heap   total reserved 2076672K, committed 176128K, used 76288K [0x0000000081400000, 0x0000000100000000)
  region size 1024K, 6 young (6144K), 6 survivors (6144K)
 Metaspace       used 71463K, committed 72000K, reserved 1114112K
  class space    used 8605K, committed 8832K, reserved 1048576K
}
Event: 23.778 GC heap before
{Heap before GC invocations=33 (full 0):
 garbage-first heap   total reserved 2076672K, committed 176128K, used 138752K [0x0000000081400000, 0x0000000100000000)
  region size 1024K, 66 young (67584K), 6 survivors (6144K)
 Metaspace       used 71466K, committed 72000K, reserved 1114112K
  class space    used 8605K, committed 8832K, reserved 1048576K
}
Event: 23.803 GC heap after
{Heap after GC invocations=34 (full 0):
 garbage-first heap   total reserved 2076672K, committed 176128K, used 88064K [0x0000000081400000, 0x0000000100000000)
  region size 1024K, 9 young (9216K), 9 survivors (9216K)
 Metaspace       used 71466K, committed 72000K, reserved 1114112K
  class space    used 8605K, committed 8832K, reserved 1048576K
}
Event: 23.884 GC heap before
{Heap before GC invocations=34 (full 0):
 garbage-first heap   total reserved 2076672K, committed 176128K, used 118784K [0x0000000081400000, 0x0000000100000000)
  region size 1024K, 40 young (40960K), 9 survivors (9216K)
 Metaspace       used 71466K, committed 72000K, reserved 1114112K
  class space    used 8605K, committed 8832K, reserved 1048576K
}
Event: 23.912 GC heap after
{Heap after GC invocations=35 (full 0):
 garbage-first heap   total reserved 2076672K, committed 176128K, used 99840K [0x0000000081400000, 0x0000000100000000)
  region size 1024K, 8 young (8192K), 8 survivors (8192K)
 Metaspace       used 71466K, committed 72000K, reserved 1114112K
  class space    used 8605K, committed 8832K, reserved 1048576K
}
Event: 24.154 GC heap before
{Heap before GC invocations=36 (full 0):
 garbage-first heap   total reserved 2076672K, committed 176128K, used 145920K [0x0000000081400000, 0x0000000100000000)
  region size 1024K, 51 young (52224K), 8 survivors (8192K)
 Metaspace       used 71466K, committed 72000K, reserved 1114112K
  class space    used 8605K, committed 8832K, reserved 1048576K
}
Event: 24.200 GC heap after
{Heap after GC invocations=37 (full 0):
 garbage-first heap   total reserved 2076672K, committed 176128K, used 120320K [0x0000000081400000, 0x0000000100000000)
  region size 1024K, 7 young (7168K), 7 survivors (7168K)
 Metaspace       used 71466K, committed 72000K, reserved 1114112K
  class space    used 8605K, committed 8832K, reserved 1048576K
}
Event: 24.337 GC heap before
{Heap before GC invocations=37 (full 0):
 garbage-first heap   total reserved 2076672K, committed 176128K, used 150016K [0x0000000081400000, 0x0000000100000000)
  region size 1024K, 36 young (36864K), 7 survivors (7168K)
 Metaspace       used 71466K, committed 72000K, reserved 1114112K
  class space    used 8605K, committed 8832K, reserved 1048576K
}
Event: 24.362 GC heap after
{Heap after GC invocations=38 (full 0):
 garbage-first heap   total reserved 2076672K, committed 176128K, used 130560K [0x0000000081400000, 0x0000000100000000)
  region size 1024K, 5 young (5120K), 5 survivors (5120K)
 Metaspace       used 71466K, committed 72000K, reserved 1114112K
  class space    used 8605K, committed 8832K, reserved 1048576K
}
Event: 24.461 GC heap before
{Heap before GC invocations=38 (full 0):
 garbage-first heap   total reserved 2076672K, committed 176128K, used 154112K [0x0000000081400000, 0x0000000100000000)
  region size 1024K, 28 young (28672K), 5 survivors (5120K)
 Metaspace       used 71466K, committed 72000K, reserved 1114112K
  class space    used 8605K, committed 8832K, reserved 1048576K
}

